#
# A fatal error has been detected by the Java Runtime Environment:
#
#  EXCEPTION_ACCESS_VIOLATION (0xc0000005) at pc=0x6d166b30, pid=4244, tid=1424
#
# JRE version: 6.0_23-b04
# Java VM: Java HotSpot(TM) Client VM (19.0-b09 mixed mode windows-x86 )
# Problematic frame:
# C  [awt.dll+0xb6b30]
#
# If you would like to submit a bug report, please visit:
#   http://java.sun.com/webapps/bugreport/crash.jsp
# The crash happened outside the Java Virtual Machine in native code.
# See problematic frame for where to report the bug.
#

---------------  T H R E A D  ---------------

Current thread (0x4ab7a800):  JavaThread "AWT-Windows" daemon [_thread_in_native, id=1424, stack(0x4b0c0000,0x4b110000)]

siginfo: ExceptionCode=0xc0000005, reading address 0x00000000

Registers:
EAX=0x4b10f8c8, EBX=0x4abd6ba8, ECX=0x00000072, EDX=0x000000c0
ESP=0x4b10f8b0, EBP=0x75741450, ESI=0x00000000, EDI=0x000000c0
EIP=0x6d166b30, EFLAGS=0x00010206

Register to memory mapping:

EAX=0x4b10f8c8
0x4b10f8c8 is pointing into the stack for thread: 0x4ab7a800
"AWT-Windows" daemon prio=6 tid=0x4ab7a800 nid=0x590 runnable [0x4b10f000]
   java.lang.Thread.State: RUNNABLE

EBX=0x4abd6ba8
0x4abd6ba8 is pointing to unknown location

ECX=0x00000072
0x00000072 is pointing to unknown location

EDX=0x000000c0
0x000000c0 is pointing to unknown location

ESP=0x4b10f8b0
0x4b10f8b0 is pointing into the stack for thread: 0x4ab7a800
"AWT-Windows" daemon prio=6 tid=0x4ab7a800 nid=0x590 runnable [0x4b10f000]
   java.lang.Thread.State: RUNNABLE

EBP=0x75741450
0x75741450 is pointing to unknown location

ESI=0x00000000
0x00000000 is pointing to unknown location

EDI=0x000000c0
0x000000c0 is pointing to unknown location


Top of Stack: (sp=0x4b10f8b0)
0x4b10f8b0:   4b10f8c8 00001000 00000000 4abd6988
0x4b10f8c0:   00000001 4b10f8b8 4b10f8bc 6d15e4fd
0x4b10f8d0:   00000000 00000000 4abd6988 6d15e5ca
0x4b10f8e0:   00000000 4abd6988 00000001 6d15e6ce
0x4b10f8f0:   4abd6988 6d113812 00cd9570 00000000
0x4b10f900:   6d160630 00000001 6d1b2f58 6d1b2940
0x4b10f910:   00cd9570 6d161a32 6d1b2f50 6d161c19
0x4b10f920:   6d14a4b3 00000000 00000590 00000000 

Instructions: (pc=0x6d166b30)
0x6d166b20:   05 00 20 00 00 50 c1 e2 05 8d 44 24 14 50 8b fa
0x6d166b30:   8b 16 57 c1 e1 05 51 56 ff 52 2c 85 c0 0f 8c 93 


Stack: [0x4b0c0000,0x4b110000],  sp=0x4b10f8b0,  free space=318k
Native frames: (J=compiled Java code, j=interpreted, Vv=VM code, C=native code)
C  [awt.dll+0xb6b30]

Java frames: (J=compiled Java code, j=interpreted, Vv=VM code)
j  sun.awt.windows.WToolkit.eventLoop()V+0
j  sun.awt.windows.WToolkit.run()V+52
j  java.lang.Thread.run()V+11
v  ~StubRoutines::call_stub

---------------  P R O C E S S  ---------------

Java Threads: ( => current thread )
  0x00d2a400 JavaThread "Thread-1" daemon [_thread_in_native, id=5884, stack(0x4b4a0000,0x4b4f0000)]
  0x4acaf400 JavaThread "TimerQueue" daemon [_thread_blocked, id=4800, stack(0x4ebe0000,0x4ec30000)]
  0x00db9400 JavaThread "DestroyJavaVM" [_thread_blocked, id=4092, stack(0x00530000,0x00580000)]
  0x4ac5c000 JavaThread "AWT-EventQueue-0" [_thread_blocked, id=1240, stack(0x4de80000,0x4ded0000)]
  0x4ac5b800 JavaThread "AWT-Shutdown" [_thread_blocked, id=3224, stack(0x4ddf0000,0x4de40000)]
=>0x4ab7a800 JavaThread "AWT-Windows" daemon [_thread_in_native, id=1424, stack(0x4b0c0000,0x4b110000)]
  0x4ab77800 JavaThread "Java2D Disposer" daemon [_thread_blocked, id=3684, stack(0x4af40000,0x4af90000)]
  0x00d19000 JavaThread "Low Memory Detector" daemon [_thread_blocked, id=652, stack(0x4aa50000,0x4aaa0000)]
  0x00d0d800 JavaThread "CompilerThread0" daemon [_thread_blocked, id=4088, stack(0x4a9c0000,0x4aa10000)]
  0x00d0c800 JavaThread "Attach Listener" daemon [_thread_blocked, id=5104, stack(0x4a930000,0x4a980000)]
  0x00d09800 JavaThread "Signal Dispatcher" daemon [_thread_blocked, id=4784, stack(0x4a8a0000,0x4a8f0000)]
  0x00cdf400 JavaThread "Finalizer" daemon [_thread_blocked, id=336, stack(0x4a810000,0x4a860000)]
  0x00cdac00 JavaThread "Reference Handler" daemon [_thread_blocked, id=4644, stack(0x4a780000,0x4a7d0000)]

Other Threads:
  0x00cd7000 VMThread [stack: 0x4a6f0000,0x4a740000] [id=5024]
  0x00d34800 WatcherThread [stack: 0x4aae0000,0x4ab30000] [id=4620]

VM state:not at safepoint (normal execution)

VM Mutex/Monitor currently owned by a thread: None

Heap
 def new generation   total 8640K, used 5120K [0x04560000, 0x04eb0000, 0x19ab0000)
  eden space 7744K,  66% used [0x04560000, 0x04a60250, 0x04cf0000)
  from space 896K,   0% used [0x04dd0000, 0x04dd0000, 0x04eb0000)
  to   space 896K,   0% used [0x04cf0000, 0x04cf0000, 0x04dd0000)
 tenured generation   total 18924K, used 11353K [0x19ab0000, 0x1ad2b000, 0x44560000)
   the space 18924K,  59% used [0x19ab0000, 0x1a5c64b8, 0x1a5c6600, 0x1ad2b000)
 compacting perm gen  total 12288K, used 10235K [0x44560000, 0x45160000, 0x48560000)
   the space 12288K,  83% used [0x44560000, 0x44f5ef28, 0x44f5f000, 0x45160000)
No shared spaces configured.

Dynamic libraries:
0x00400000 - 0x00424000 	C:\Program Files (x86)\Java\jdk1.6.0_23\jre\bin\java.exe
0x776b0000 - 0x77830000 	C:\Windows\SysWOW64\ntdll.dll
0x75730000 - 0x75840000 	C:\Windows\syswow64\kernel32.dll
0x76da0000 - 0x76de6000 	C:\Windows\syswow64\KERNELBASE.dll
0x75600000 - 0x756a0000 	C:\Windows\syswow64\ADVAPI32.dll
0x74f20000 - 0x74fcc000 	C:\Windows\syswow64\msvcrt.dll
0x75110000 - 0x75129000 	C:\Windows\SysWOW64\sechost.dll
0x75a90000 - 0x75b80000 	C:\Windows\syswow64\RPCRT4.dll
0x74da0000 - 0x74e00000 	C:\Windows\syswow64\SspiCli.dll
0x74d90000 - 0x74d9c000 	C:\Windows\syswow64\CRYPTBASE.dll
0x7c340000 - 0x7c396000 	C:\Program Files (x86)\Java\jdk1.6.0_23\jre\bin\msvcr71.dll
0x6d8a0000 - 0x6db4c000 	C:\Program Files (x86)\Java\jdk1.6.0_23\jre\bin\client\jvm.dll
0x74fd0000 - 0x750d0000 	C:\Windows\syswow64\USER32.dll
0x75e20000 - 0x75eb0000 	C:\Windows\syswow64\GDI32.dll
0x753c0000 - 0x753ca000 	C:\Windows\syswow64\LPK.dll
0x75b80000 - 0x75c1d000 	C:\Windows\syswow64\USP10.dll
0x73f30000 - 0x73f62000 	C:\Windows\system32\WINMM.dll
0x75130000 - 0x75190000 	C:\Windows\system32\IMM32.DLL
0x76020000 - 0x760ec000 	C:\Windows\syswow64\MSCTF.dll
0x72d00000 - 0x72d4c000 	C:\Windows\system32\apphelp.dll
0x6d850000 - 0x6d85c000 	C:\Program Files (x86)\Java\jdk1.6.0_23\jre\bin\verify.dll
0x6d3d0000 - 0x6d3ef000 	C:\Program Files (x86)\Java\jdk1.6.0_23\jre\bin\java.dll
0x6d330000 - 0x6d338000 	C:\Program Files (x86)\Java\jdk1.6.0_23\jre\bin\hpi.dll
0x77680000 - 0x77685000 	C:\Windows\syswow64\PSAPI.DLL
0x6d890000 - 0x6d89f000 	C:\Program Files (x86)\Java\jdk1.6.0_23\jre\bin\zip.dll
0x6d0b0000 - 0x6d1fa000 	C:\Program Files (x86)\Java\jdk1.6.0_23\jre\bin\awt.dll
0x74c60000 - 0x74cb1000 	C:\Windows\system32\WINSPOOL.DRV
0x75260000 - 0x753bc000 	C:\Windows\syswow64\ole32.dll
0x70a40000 - 0x70bde000 	C:\Windows\WinSxS\x86_microsoft.windows.common-controls_6595b64144ccf1df_6.0.7601.17514_none_41e6975e2bd6f2b2\COMCTL32.dll
0x751b0000 - 0x75207000 	C:\Windows\syswow64\SHLWAPI.dll
0x721b0000 - 0x721c3000 	C:\Windows\system32\DWMAPI.DLL
0x72300000 - 0x72380000 	C:\Windows\system32\uxtheme.dll
0x003f0000 - 0x003fe000 	C:\Windows\system32\PGPhk.dll
0x760f0000 - 0x76d3a000 	C:\Windows\syswow64\shell32.dll
0x6d2e0000 - 0x6d32f000 	C:\Program Files (x86)\Java\jdk1.6.0_23\jre\bin\fontmanager.dll
0x6e910000 - 0x6ead3000 	C:\Windows\system32\d3d9.dll
0x74cc0000 - 0x74cc9000 	C:\Windows\system32\VERSION.dll
0x70ea0000 - 0x70ea6000 	C:\Windows\system32\d3d8thk.dll
0x6dd90000 - 0x6e90f000 	C:\Windows\system32\nvd3dum.dll
0x72de0000 - 0x72e05000 	C:\Windows\system32\powrprof.dll
0x75460000 - 0x755fd000 	C:\Windows\syswow64\SETUPAPI.dll
0x75ff0000 - 0x76017000 	C:\Windows\syswow64\CFGMGR32.dll
0x75c20000 - 0x75caf000 	C:\Windows\syswow64\OLEAUT32.dll
0x75190000 - 0x751a2000 	C:\Windows\syswow64\DEVOBJ.dll
0x6d6b0000 - 0x6d6c3000 	C:\Program Files (x86)\Java\jdk1.6.0_23\jre\bin\net.dll
0x750d0000 - 0x75105000 	C:\Windows\syswow64\WS2_32.dll
0x756a0000 - 0x756a6000 	C:\Windows\syswow64\NSI.dll
0x72ed0000 - 0x72f0c000 	C:\Windows\system32\mswsock.dll
0x72dd0000 - 0x72dd6000 	C:\Windows\System32\wship6.dll
0x6d6d0000 - 0x6d6d9000 	C:\Program Files (x86)\Java\jdk1.6.0_23\jre\bin\nio.dll
0x6d250000 - 0x6d273000 	C:\Program Files (x86)\Java\jdk1.6.0_23\jre\bin\dcpr.dll

VM Arguments:
jvm_args: -Dfile.encoding=Cp1252 -Xmx1024m -Djava.security.policy=applet.policy 
java_command: supersample.Main
Launcher Type: SUN_STANDARD

Environment Variables:
CLASSPATH=.;C:\Program Files (x86)\QuickTime\QTSystem\QTJava.zip
PATH=C:\Program Files (x86)\NVIDIA Corporation\PhysX\Common;C:\oracle\product\11.2.0\client_1;C:\oracle\product\11.2.0\dbhome_1\bin;C:\Windows\system32;C:\Windows;C:\Windows\System32\Wbem;C:\Windows\System32\WindowsPowerShell\v1.0\;C:\Program Files (x86)\QuickTime\QTSystem\;C:\Program Files (x86)\Java\jre6\bin\client\;C:\Program Files (x86)\NVIDIA Corporation\PhysX\Common;C:\oracle\product\11.2.0\client_1;C:\oracle\product\11.2.0\dbhome_1\bin;C:\Windows\system32;C:\Windows;C:\Windows\System32\Wbem;C:\Windows\System32\WindowsPowerShell\v1.0\;C:\Program Files (x86)\QuickTime\QTSystem\;C:\Program Files (x86)\Java\jre6\bin\client\;C:\putty;C:\Windows\unix
USERNAME=kurt.underhay
OS=Windows_NT
PROCESSOR_IDENTIFIER=Intel64 Family 6 Model 23 Stepping 10, GenuineIntel



---------------  S Y S T E M  ---------------

OS: Windows 7 Build 7601 Service Pack 1

CPU:total 2 (2 cores per cpu, 1 threads per core) family 6 model 23 stepping 10, cmov, cx8, fxsr, mmx, sse, sse2, sse3, ssse3, sse4.1

Memory: 4k page, physical 3906260k(1155716k free), swap 7810672k(5170128k free)

vm_info: Java HotSpot(TM) Client VM (19.0-b09) for windows-x86 JRE (1.6.0_23-b04), built on Nov  5 2010 01:58:34 by "java_re" with MS VC++ 7.1 (VS2003)

time: Thu Jun 16 16:08:57 2011
elapsed time: 11633 seconds

